Only SNPs will be reported
Warning: No p-value threshold provided, so p-values will not be calculated
Min coverage:	8
Min reads2:	2
Min var freq:	0.001
Min avg qual:	15
P-value thresh:	0.01
Reading input from /media/nvaulin/Winux/BI/Projects/Prj2_Flu/Flu_project_BI_2022/variant_calling/influenza_variants_person.mpileup
1665 bases in pileup file
20 variant positions (18 SNP, 2 indel)
0 were failed by the strand-filter
18 variant positions reported (18 SNP, 0 indel)

Only SNPs will be reported
Warning: No p-value threshold provided, so p-values will not be calculated
Min coverage:	8
Min reads2:	2
Min var freq:	0.001
Min avg qual:	15
P-value thresh:	0.01
Reading input from /media/nvaulin/Winux/BI/Projects/Prj2_Flu/Flu_project_BI_2022/variant_calling/influenza_variants_control_1.mpileup
1665 bases in pileup file
55 variant positions (55 SNP, 0 indel)
1 were failed by the strand-filter
54 variant positions reported (54 SNP, 0 indel)

Only SNPs will be reported
Warning: No p-value threshold provided, so p-values will not be calculated
Min coverage:	8
Min reads2:	2
Min var freq:	0.001
Min avg qual:	15
P-value thresh:	0.01
Reading input from /media/nvaulin/Winux/BI/Projects/Prj2_Flu/Flu_project_BI_2022/variant_calling/influenza_variants_control_2.mpileup
1665 bases in pileup file
49 variant positions (49 SNP, 0 indel)
1 were failed by the strand-filter
48 variant positions reported (48 SNP, 0 indel)

Only SNPs will be reported
Warning: No p-value threshold provided, so p-values will not be calculated
Min coverage:	8
Min reads2:	2
Min var freq:	0.001
Min avg qual:	15
P-value thresh:	0.01
Reading input from /media/nvaulin/Winux/BI/Projects/Prj2_Flu/Flu_project_BI_2022/variant_calling/influenza_variants_control_3.mpileup
1665 bases in pileup file
55 variant positions (55 SNP, 0 indel)
0 were failed by the strand-filter
55 variant positions reported (55 SNP, 0 indel)

